<?xml version="1.0" encoding="UTF-8" ?>
<testsuite tests="31" failures="0" name="net.mooctest.BinaryHeapTest" time="0" errors="0" skipped="0">
  <properties>
[...]
</properties>
  <testcase classname="net.mooctest.BinaryHeapTest" name="test10" time="0"/>
  <testcase classname="net.mooctest.BinaryHeapTest" name="test11" time="0"/>
  <testcase classname="net.mooctest.BinaryHeapTest" name="test12" time="0"/>
  <testcase classname="net.mooctest.BinaryHeapTest" name="test13" time="0"/>
  <testcase classname="net.mooctest.BinaryHeapTest" name="test14" time="0"/>
  <testcase classname="net.mooctest.BinaryHeapTest" name="test15" time="0"/>
  <testcase classname="net.mooctest.BinaryHeapTest" name="test16" time="0"/>
  <testcase classname="net.mooctest.BinaryHeapTest" name="test17" time="0"/>
  <testcase classname="net.mooctest.BinaryHeapTest" name="test18" time="0"/>
  <testcase classname="net.mooctest.BinaryHeapTest" name="test19" time="0"/>
  <testcase classname="net.mooctest.BinaryHeapTest" name="test20" time="0"/>
  <testcase classname="net.mooctest.BinaryHeapTest" name="test21" time="0"/>
  <testcase classname="net.mooctest.BinaryHeapTest" name="test22" time="0"/>
  <testcase classname="net.mooctest.BinaryHeapTest" name="test23" time="0"/>
  <testcase classname="net.mooctest.BinaryHeapTest" name="test24" time="0"/>
  <testcase classname="net.mooctest.BinaryHeapTest" name="test25" time="0"/>
  <testcase classname="net.mooctest.BinaryHeapTest" name="test26" time="0"/>
  <testcase classname="net.mooctest.BinaryHeapTest" name="test27" time="0"/>
  <testcase classname="net.mooctest.BinaryHeapTest" name="test28" time="0"/>
  <testcase classname="net.mooctest.BinaryHeapTest" name="test29" time="0"/>
  <testcase classname="net.mooctest.BinaryHeapTest" name="test30" time="0"/>
  <testcase classname="net.mooctest.BinaryHeapTest" name="test" time="0"/>
  <testcase classname="net.mooctest.BinaryHeapTest" name="test1" time="0"/>
  <testcase classname="net.mooctest.BinaryHeapTest" name="test2" time="0"/>
  <testcase classname="net.mooctest.BinaryHeapTest" name="test3" time="0"/>
  <testcase classname="net.mooctest.BinaryHeapTest" name="test4" time="0"/>
  <testcase classname="net.mooctest.BinaryHeapTest" name="test5" time="0"/>
  <testcase classname="net.mooctest.BinaryHeapTest" name="test6" time="0"/>
  <testcase classname="net.mooctest.BinaryHeapTest" name="test7" time="0"/>
  <testcase classname="net.mooctest.BinaryHeapTest" name="test8" time="0"/>
  <testcase classname="net.mooctest.BinaryHeapTest" name="test9" time="0"/>
</testsuite>