<?xml version="1.0" encoding="UTF-8" ?>
<testsuite tests="65" failures="0" name="net.mooctest.NaiveBayesClassifierTest" time="0.151" errors="0" skipped="0">
  <properties>
[...]
</properties>
  <testcase classname="net.mooctest.NaiveBayesClassifierTest" name="test013" time="0.015"/>
  <testcase classname="net.mooctest.NaiveBayesClassifierTest" name="test113" time="0"/>
  <testcase classname="net.mooctest.NaiveBayesClassifierTest" name="test00" time="0"/>
  <testcase classname="net.mooctest.NaiveBayesClassifierTest" name="test01" time="0"/>
  <testcase classname="net.mooctest.NaiveBayesClassifierTest" name="test02" time="0"/>
  <testcase classname="net.mooctest.NaiveBayesClassifierTest" name="test03" time="0"/>
  <testcase classname="net.mooctest.NaiveBayesClassifierTest" name="test04" time="0"/>
  <testcase classname="net.mooctest.NaiveBayesClassifierTest" name="test05" time="0"/>
  <testcase classname="net.mooctest.NaiveBayesClassifierTest" name="test06" time="0"/>
  <testcase classname="net.mooctest.NaiveBayesClassifierTest" name="test07" time="0"/>
  <testcase classname="net.mooctest.NaiveBayesClassifierTest" name="test08" time="0"/>
  <testcase classname="net.mooctest.NaiveBayesClassifierTest" name="test09" time="0"/>
  <testcase classname="net.mooctest.NaiveBayesClassifierTest" name="test10" time="0"/>
  <testcase classname="net.mooctest.NaiveBayesClassifierTest" name="test11" time="0.016"/>
  <testcase classname="net.mooctest.NaiveBayesClassifierTest" name="test13" time="0"/>
  <testcase classname="net.mooctest.NaiveBayesClassifierTest" name="test16" time="0"/>
  <testcase classname="net.mooctest.NaiveBayesClassifierTest" name="test17" time="0"/>
  <testcase classname="net.mooctest.NaiveBayesClassifierTest" name="test18" time="0"/>
  <testcase classname="net.mooctest.NaiveBayesClassifierTest" name="test19" time="0"/>
  <testcase classname="net.mooctest.NaiveBayesClassifierTest" name="test20" time="0"/>
  <testcase classname="net.mooctest.NaiveBayesClassifierTest" name="test21" time="0"/>
  <testcase classname="net.mooctest.NaiveBayesClassifierTest" name="test22" time="0"/>
  <testcase classname="net.mooctest.NaiveBayesClassifierTest" name="test23" time="0"/>
  <testcase classname="net.mooctest.NaiveBayesClassifierTest" name="test25" time="0.084"/>
  <testcase classname="net.mooctest.NaiveBayesClassifierTest" name="test26" time="0"/>
  <testcase classname="net.mooctest.NaiveBayesClassifierTest" name="test27" time="0.001"/>
  <testcase classname="net.mooctest.NaiveBayesClassifierTest" name="test28" time="0"/>
  <testcase classname="net.mooctest.NaiveBayesClassifierTest" name="test29" time="0"/>
  <testcase classname="net.mooctest.NaiveBayesClassifierTest" name="test30" time="0.004"/>
  <testcase classname="net.mooctest.NaiveBayesClassifierTest" name="test31" time="0"/>
  <testcase classname="net.mooctest.NaiveBayesClassifierTest" name="test32" time="0"/>
  <testcase classname="net.mooctest.NaiveBayesClassifierTest" name="test33" time="0"/>
  <testcase classname="net.mooctest.NaiveBayesClassifierTest" name="test34" time="0"/>
  <testcase classname="net.mooctest.NaiveBayesClassifierTest" name="test35" time="0"/>
  <testcase classname="net.mooctest.NaiveBayesClassifierTest" name="test36" time="0"/>
  <testcase classname="net.mooctest.NaiveBayesClassifierTest" name="test37" time="0"/>
  <testcase classname="net.mooctest.NaiveBayesClassifierTest" name="test38" time="0"/>
  <testcase classname="net.mooctest.NaiveBayesClassifierTest" name="test39" time="0"/>
  <testcase classname="net.mooctest.NaiveBayesClassifierTest" name="test40" time="0"/>
  <testcase classname="net.mooctest.NaiveBayesClassifierTest" name="test41" time="0.014"/>
  <testcase classname="net.mooctest.NaiveBayesClassifierTest" name="test42" time="0"/>
  <testcase classname="net.mooctest.NaiveBayesClassifierTest" name="test43" time="0.005"/>
  <testcase classname="net.mooctest.NaiveBayesClassifierTest" name="test44" time="0"/>
  <testcase classname="net.mooctest.NaiveBayesClassifierTest" name="test45" time="0.001"/>
  <testcase classname="net.mooctest.NaiveBayesClassifierTest" name="test46" time="0.001"/>
  <testcase classname="net.mooctest.NaiveBayesClassifierTest" name="test47" time="0"/>
  <testcase classname="net.mooctest.NaiveBayesClassifierTest" name="test48" time="0.001"/>
  <testcase classname="net.mooctest.NaiveBayesClassifierTest" name="test49" time="0"/>
  <testcase classname="net.mooctest.NaiveBayesClassifierTest" name="test50" time="0"/>
  <testcase classname="net.mooctest.NaiveBayesClassifierTest" name="testa0" time="0"/>
  <testcase classname="net.mooctest.NaiveBayesClassifierTest" name="testa1" time="0"/>
  <testcase classname="net.mooctest.NaiveBayesClassifierTest" name="testa2" time="0"/>
  <testcase classname="net.mooctest.NaiveBayesClassifierTest" name="testa3" time="0"/>
  <testcase classname="net.mooctest.NaiveBayesClassifierTest" name="testa4" time="0"/>
  <testcase classname="net.mooctest.NaiveBayesClassifierTest" name="testa5" time="0"/>
  <testcase classname="net.mooctest.NaiveBayesClassifierTest" name="testa7" time="0"/>
  <testcase classname="net.mooctest.NaiveBayesClassifierTest" name="test0" time="0"/>
  <testcase classname="net.mooctest.NaiveBayesClassifierTest" name="test1" time="0.007"/>
  <testcase classname="net.mooctest.NaiveBayesClassifierTest" name="test2" time="0"/>
  <testcase classname="net.mooctest.NaiveBayesClassifierTest" name="test3" time="0.001"/>
  <testcase classname="net.mooctest.NaiveBayesClassifierTest" name="test5" time="0.001"/>
  <testcase classname="net.mooctest.NaiveBayesClassifierTest" name="test6" time="0"/>
  <testcase classname="net.mooctest.NaiveBayesClassifierTest" name="test7" time="0"/>
  <testcase classname="net.mooctest.NaiveBayesClassifierTest" name="test8" time="0"/>
  <testcase classname="net.mooctest.NaiveBayesClassifierTest" name="testf" time="0"/>
</testsuite>